#
# There is insufficient memory for the Java Runtime Environment to continue.
# Native memory allocation (mmap) failed to map 132120576 bytes for Failed to commit area from 0x00000000c0000000 to 0x00000000c7e00000 of length 132120576.
# Possible reasons:
#   The system is out of physical RAM or swap space
#   In 32 bit mode, the process size limit was hit
# Possible solutions:
#   Reduce memory load on the system
#   Increase physical memory or swap space
#   Check if swap backing store is full
#   Use 64 bit Java on a 64 bit OS
#   Decrease Java heap size (-Xmx/-Xms)
#   Decrease number of Java threads
#   Decrease Java thread stack sizes (-Xss)
#   Set larger code cache with -XX:ReservedCodeCacheSize=
# This output file may be truncated or incomplete.
#
#  Out of Memory Error (os_windows.cpp:3331), pid=60980, tid=0x000000000000e3d4
#
# JRE version:  (8.0_144-b01) (build )
# Java VM: Java HotSpot(TM) 64-Bit Server VM (25.144-b01 mixed mode windows-amd64 compressed oops)
# Failed to write core dump. Minidumps are not enabled by default on client versions of Windows
#

---------------  T H R E A D  ---------------

Current thread (0x00000000027ae000):  JavaThread "Unknown thread" [_thread_in_vm, id=58324, stack(0x00000000029c0000,0x0000000002ac0000)]

Stack: [0x00000000029c0000,0x0000000002ac0000]
[error occurred during error reporting (printing stack bounds), id 0xc0000005]

Native frames: (J=compiled Java code, j=interpreted, Vv=VM code, C=native code)


---------------  P R O C E S S  ---------------

Java Threads: ( => current thread )

Other Threads:

=>0x00000000027ae000 (exited) JavaThread "Unknown thread" [_thread_in_vm, id=58324, stack(0x00000000029c0000,0x0000000002ac0000)]

VM state:not at safepoint (not fully initialized)

VM Mutex/Monitor currently owned by a thread:  ([mutex/lock_event])
[0x0000000002ac1950] Heap_lock - owner thread: 0x00000000027ae000

GC Heap History (0 events):
No events

Deoptimization events (0 events):
No events

Internal exceptions (0 events):
No events

Events (0 events):
No events


Dynamic libraries:
0x00007ff7cf8b0000 - 0x00007ff7cf8e7000 	C:\Program Files\Java\jdk1.8.0_144\bin\java.exe
0x00007ffdab060000 - 0x00007ffdab23b000 	C:\WINDOWS\SYSTEM32\ntdll.dll
0x00007ffdaab60000 - 0x00007ffdaac0e000 	C:\WINDOWS\System32\KERNEL32.DLL
0x00007ffda7ec0000 - 0x00007ffda8109000 	C:\WINDOWS\System32\KERNELBASE.dll
0x00007ffdaa960000 - 0x00007ffdaaa01000 	C:\WINDOWS\System32\ADVAPI32.dll
0x00007ffda88f0000 - 0x00007ffda898d000 	C:\WINDOWS\System32\msvcrt.dll
0x00007ffdaa410000 - 0x00007ffdaa469000 	C:\WINDOWS\System32\sechost.dll
0x00007ffda87c0000 - 0x00007ffda88e5000 	C:\WINDOWS\System32\RPCRT4.dll
0x00007ffda89f0000 - 0x00007ffda8b3a000 	C:\WINDOWS\System32\USER32.dll
0x00007ffda8500000 - 0x00007ffda851e000 	C:\WINDOWS\System32\win32u.dll
0x00007ffdaa6c0000 - 0x00007ffdaa6e7000 	C:\WINDOWS\System32\GDI32.dll
0x00007ffda75d0000 - 0x00007ffda7758000 	C:\WINDOWS\System32\gdi32full.dll
0x00007ffda8520000 - 0x00007ffda85ba000 	C:\WINDOWS\System32\msvcp_win.dll
0x00007ffda8400000 - 0x00007ffda84f6000 	C:\WINDOWS\System32\ucrtbase.dll
0x00007ffd96cf0000 - 0x00007ffd96f57000 	C:\WINDOWS\WinSxS\amd64_microsoft.windows.common-controls_6595b64144ccf1df_6.0.15063.483_none_26002d27e7c744a2\COMCTL32.dll
0x00007ffdaa110000 - 0x00007ffdaa409000 	C:\WINDOWS\System32\combase.dll
0x00007ffda8390000 - 0x00007ffda83fa000 	C:\WINDOWS\System32\bcryptPrimitives.dll
0x00007ffdaa780000 - 0x00007ffdaa7ad000 	C:\WINDOWS\System32\IMM32.DLL
0x0000000077800000 - 0x00000000778d2000 	C:\Program Files\Java\jdk1.8.0_144\jre\bin\msvcr100.dll
0x00000000761d0000 - 0x0000000076a6d000 	C:\Program Files\Java\jdk1.8.0_144\jre\bin\server\jvm.dll
0x00007ffdaac10000 - 0x00007ffdaac18000 	C:\WINDOWS\System32\PSAPI.DLL
0x00007ffd96770000 - 0x00007ffd96779000 	C:\WINDOWS\SYSTEM32\WSOCK32.dll
0x00007ffdaa480000 - 0x00007ffdaa4ec000 	C:\WINDOWS\System32\WS2_32.dll
0x00007ffda5500000 - 0x00007ffda5523000 	C:\WINDOWS\SYSTEM32\WINMM.dll
0x00007ffda5900000 - 0x00007ffda590a000 	C:\WINDOWS\SYSTEM32\VERSION.dll
0x00007ffda5240000 - 0x00007ffda526b000 	C:\WINDOWS\SYSTEM32\WINMMBASE.dll
0x00007ffda7580000 - 0x00007ffda75c9000 	C:\WINDOWS\System32\cfgmgr32.dll
0x00000000777f0000 - 0x00000000777ff000 	C:\Program Files\Java\jdk1.8.0_144\jre\bin\verify.dll
0x00000000777c0000 - 0x00000000777e9000 	C:\Program Files\Java\jdk1.8.0_144\jre\bin\java.dll
0x00000000777a0000 - 0x00000000777b6000 	C:\Program Files\Java\jdk1.8.0_144\jre\bin\zip.dll

VM Arguments:
jvm_args: -Declipse.application=org.eclipse.jdt.ls.core.id1 -Dosgi.bundles.defaultStartLevel=4 -Declipse.product=org.eclipse.jdt.ls.core.product -Xverify:none -Xmx1G -XX:+UseG1GC -XX:+UseStringDeduplication 
java_command: C:\Users\DanDan\.vscode\extensions\redhat.java-0.14.0\server\plugins\org.eclipse.equinox.launcher_1.4.0.v20161219-1356.jar -configuration C:\Users\DanDan\.vscode\extensions\redhat.java-0.14.0\server\config_win -data C:\Users\DanDan\AppData\Roaming\Code\User\workspaceStorage\fcabc0126413a6445f588591e78ffead\redhat.java\jdt_ws
java_class_path (initial): C:\Users\DanDan\.vscode\extensions\redhat.java-0.14.0\server\plugins\org.eclipse.equinox.launcher_1.4.0.v20161219-1356.jar
Launcher Type: SUN_STANDARD

Environment Variables:
PATH=C:\ProgramData\Oracle\Java\javapath;C:\Python27\;C:\Python27\Scripts;C:\WINDOWS\system32;C:\WINDOWS;C:\WINDOWS\System32\Wbem;C:\WINDOWS\System32\WindowsPowerShell\v1.0\;C:\Program Files\nodejs\;C:\Program Files\PuTTY\;C:\Program Files (x86)\NoteBook FanControl\;C:\Program Files\Java\jdk1.8.0_144\bin;C:\Program Files\Git\cmd;C:\Program Files (x86)\Windows Kits\10\Windows Performance Toolkit\;C:\Program Files\MySQL\MySQL Utilities 1.6\;C:\Users\DanDan\AppData\Local\Microsoft\WindowsApps;C:\Users\DanDan\AppData\Roaming\npm;C:\Program Files\Microsoft VS Code\bin;C:\Users\DanDan\AppData\Local\GitHubDesktop\bin
USERNAME=DanDan
OS=Windows_NT
PROCESSOR_IDENTIFIER=Intel64 Family 6 Model 142 Stepping 9, GenuineIntel



---------------  S Y S T E M  ---------------

OS: Windows 10.0 , 64 bit Build 15063 (10.0.15063.296)

CPU:total 4 (initial active 4) (2 cores per cpu, 2 threads per core) family 6 model 142 stepping 9, cmov, cx8, fxsr, mmx, sse, sse2, sse3, ssse3, sse4.1, sse4.2, popcnt, avx, avx2, aes, clmul, erms, 3dnowpref, lzcnt, ht, tsc, tscinvbit, bmi1, bmi2, adx

Memory: 4k page, physical 8227212k(19416k free), swap 18531912k(14912k free)

vm_info: Java HotSpot(TM) 64-Bit Server VM (25.144-b01) for windows-amd64 JRE (1.8.0_144-b01), built on Jul 21 2017 21:57:33 by "java_re" with MS VC++ 10.0 (VS2010)

time: Thu Nov 30 15:08:19 2017
elapsed time: 2 seconds (0d 0h 0m 2s)

